Arguments: 
  C:\Program Files\nodejs\node.exe C:\Program Files (x86)\Yarn\bin\yarn.js init

PATH: 
  D:\web\Git\mingw64\bin;D:\web\Git\usr\bin;D:\shioko\bin;C:\Windows\system32;C:\Windows;C:\Windows\System32\Wbem;C:\Windows\System32\WindowsPowerShell\v1.0;C:\Windows\System32\OpenSSH;C:\Program Files (x86)\Yarn\bin;C:\Program Files\TortoiseGit\bin;D:\web\Git\cmd;D:\web\go\bin;D:\安装包\web\hugo\hugo_0.76.3_Windows-64bit\hugo.exe;C:\Program Files\nodejs;C:\Users\shiok\AppData\Local\Microsoft\WindowsApps;D:\WEB\Microsoft VS Code\bin;C:\Users\shiok\AppData\Local\Yarn\bin;C:\Users\shiok\go\bin;C:\Users\shiok\AppData\Roaming\npm

Yarn version: 
  1.22.5

Node version: 
  12.18.2

Platform: 
  win32 x64

Trace: 
  Error: canceled
      at Interface.<anonymous> (C:\Program Files (x86)\Yarn\lib\cli.js:137009:13)
      at Interface.emit (events.js:315:20)
      at Interface._ttyWrite (readline.js:866:16)
      at ReadStream.onkeypress (readline.js:205:10)
      at ReadStream.emit (events.js:315:20)
      at emitKeys (internal/readline/utils.js:335:14)
      at emitKeys.next (<anonymous>)
      at ReadStream.onData (readline.js:1133:36)
      at ReadStream.emit (events.js:315:20)
      at addChunk (_stream_readable.js:295:12)

npm manifest: 
  No manifest

yarn manifest: 
  No manifest

Lockfile: 
  No lockfile
